
09:49:47.540 [debug] sent notification server -> client window/logMessage

09:49:47.540 [info] Running `mix deps.get` in directory /Users/srikanthkyatham/Personal/elixir/petal/helpdesk

09:49:47.559 [error] ** (ErlangError) Erlang error: :enoent
    :erlang.open_port({:spawn_executable, ~c"/Users/srikanthkyatham/.asdf/shims/mix"}, [:use_stdio, :stderr_to_stdout, {:cd, "/Users/srikanthkyatham/Personal/elixir/petal/helpdesk"}, {:env, [{~c"MIX_ENV", ~c"dev"}, {~c"MIX_BUILD_ROOT", ~c".elixir-tools/_build"}]}, :exit_status, :binary, :hide, {:args, ["deps.get"]}])
    (elixir 1.17.2) lib/system.ex:1131: System.do_cmd/3
    (next_ls 0.23.2) lib/next_ls.ex:1260: NextLS.handle_info/2
    (gen_lsp 0.10.0) lib/gen_lsp.ex:528: anonymous fn/2 in GenLSP.loop/3
    (telemetry 1.2.1) /Users/runner/work/next-ls/next-ls/deps/telemetry/src/telemetry.erl:321: :telemetry.span/3
    (gen_lsp 0.10.0) lib/gen_lsp.ex:527: anonymous fn/6 in GenLSP.loop/3
    (gen_lsp 0.10.0) lib/gen_lsp.ex:553: GenLSP.attempt/4
    (stdlib 6.0) proc_lib.erl:329: :proc_lib.init_p_do_apply/3


09:49:47.559 [debug] sent notification server -> client window/logMessage

09:49:47.598 [debug] handled notification client -> server workspace/didChangeWatchedFiles in 39ms

09:49:47.599 [debug] handled notification client -> server workspace/didChangeWatchedFiles in 975µs

09:49:47.600 [debug] handled notification client -> server workspace/didChangeWatchedFiles in 229µs

09:49:48.816 [debug] handled notification client -> server workspace/didChangeWatchedFiles in 1216ms

09:49:49.245 [debug] handled notification client -> server workspace/didChangeWatchedFiles in 428ms

09:49:49.698 [debug] handled notification client -> server workspace/didChangeWatchedFiles in 453ms

09:49:50.364 [debug] handled notification client -> server workspace/didChangeWatchedFiles in 666ms

09:49:51.048 [debug] handled notification client -> server workspace/didChangeWatchedFiles in 683ms

09:49:51.558 [debug] handled notification client -> server workspace/didChangeWatchedFiles in 510ms

09:49:52.352 [debug] handled notification client -> server workspace/didChangeWatchedFiles in 793ms

09:49:53.004 [debug] handled notification client -> server workspace/didChangeWatchedFiles in 651ms

09:49:53.550 [debug] handled notification client -> server workspace/didChangeWatchedFiles in 546ms

09:49:54.236 [debug] handled notification client -> server workspace/didChangeWatchedFiles in 686ms

09:49:54.237 [debug] handled notification client -> server workspace/didChangeWatchedFiles in 254µs

09:49:54.300 [debug] handled notification client -> server workspace/didChangeWatchedFiles in 63ms

09:49:54.367 [debug] handled notification client -> server workspace/didChangeWatchedFiles in 66ms

09:49:54.452 [debug] handled notification client -> server workspace/didChangeWatchedFiles in 85ms

09:49:54.497 [debug] handled notification client -> server workspace/didChangeWatchedFiles in 44ms

09:49:54.543 [debug] handled notification client -> server workspace/didChangeWatchedFiles in 45ms

09:49:54.598 [debug] handled notification client -> server workspace/didChangeWatchedFiles in 55ms

09:49:54.618 [debug] handled notification client -> server workspace/didChangeWatchedFiles in 20ms

09:49:54.655 [debug] handled notification client -> server workspace/didChangeWatchedFiles in 36ms

09:49:54.746 [debug] handled notification client -> server workspace/didChangeWatchedFiles in 90ms

09:49:54.769 [debug] handled notification client -> server textDocument/didChange in 23ms

09:49:54.790 [debug] handled notification client -> server workspace/didChangeWatchedFiles in 20ms

09:49:54.960 id=3 [debug] handled request client -> server textDocument/codeAction in 170ms

09:49:54.962 id=4 [debug] handled request client -> server textDocument/documentSymbol in 1ms

09:49:56.186 [debug] handled notification client -> server workspace/didChangeWatchedFiles in 1224ms

09:49:56.459 [debug] handled notification client -> server workspace/didChangeWatchedFiles in 273ms

09:49:56.461 id=5 [debug] handled request client -> server textDocument/documentSymbol in 1ms

09:49:56.487 [debug] handled notification client -> server $/cancelRequest in 26ms

09:49:56.489 [debug] handled notification client -> server textDocument/didChange in 1ms

09:49:56.489 [debug] handled notification client -> server workspace/didChangeWatchedFiles in 424µs

09:49:56.489 [debug] handled notification client -> server $/cancelRequest in 112µs

09:49:56.491 id=6 [debug] handled request client -> server textDocument/documentSymbol in 1ms

09:49:56.890 [debug] handled notification client -> server workspace/didChangeWatchedFiles in 398ms

09:49:58.054 [debug] handled notification client -> server workspace/didChangeWatchedFiles in 1163ms

09:49:59.051 [debug] handled notification client -> server workspace/didChangeWatchedFiles in 996ms

09:50:00.138 [debug] handled notification client -> server workspace/didChangeWatchedFiles in 1086ms

09:50:00.261 [debug] handled notification client -> server workspace/didChangeWatchedFiles in 123ms

09:50:02.111 [debug] handled notification client -> server workspace/didChangeWatchedFiles in 1849ms

09:50:04.608 [debug] handled notification client -> server workspace/didChangeWatchedFiles in 2496ms

09:50:04.608 [debug] handled notification client -> server $/cancelRequest in 90µs

09:50:04.609 id=7 [debug] handled request client -> server textDocument/documentSymbol in 1ms

09:50:04.887 [debug] handled notification client -> server workspace/didChangeWatchedFiles in 277ms

09:50:04.889 [debug] handled notification client -> server textDocument/didChange in 1ms

09:50:04.911 [debug] handled notification client -> server workspace/didChangeWatchedFiles in 22ms

09:50:04.911 [debug] handled notification client -> server $/cancelRequest in 79µs

09:50:04.913 id=8 [debug] handled request client -> server textDocument/documentSymbol in 1ms

09:50:04.913 [debug] handled notification client -> server $/cancelRequest in 80µs

09:50:04.914 id=9 [debug] handled request client -> server textDocument/documentSymbol in 1ms

09:50:04.941 [debug] handled notification client -> server workspace/didChangeWatchedFiles in 26ms

09:50:25.376 id=10 [debug] handled request client -> server textDocument/codeAction in 387µs

09:50:26.795 [debug] handled notification client -> server textDocument/didOpen in 247µs

09:50:26.814 id=11 [debug] handled request client -> server textDocument/codeAction in 496µs

09:50:26.815 id=12 [debug] handled request client -> server textDocument/documentSymbol in 890µs

09:50:27.108 id=13 [debug] handled request client -> server textDocument/documentSymbol in 673µs

09:50:29.899 id=14 [debug] handled request client -> server textDocument/codeAction in 339µs
